<?xml version="1.0" encoding="UTF-8"?>
<coverage generated="1652784258540" clover="3.2.0">
  <project timestamp="1652784258540" name="All files">
    <metrics statements="43" coveredstatements="39" conditionals="24" coveredconditionals="16" methods="9" coveredmethods="9" elements="76" coveredelements="64" complexity="0" loc="43" ncloc="43" packages="1" files="1" classes="1"/>
    <file name="calcdiff.js" path="/home/pavel/frontend-project-lvl2/src/calcdiff.js">
      <metrics statements="43" coveredstatements="39" conditionals="24" coveredconditionals="16" methods="9" coveredmethods="9"/>
      <line num="3" count="1" type="stmt"/>
      <line num="5" count="1" type="stmt"/>
      <line num="6" count="6" type="stmt"/>
      <line num="8" count="6" type="stmt"/>
      <line num="9" count="14" type="stmt"/>
      <line num="10" count="39" type="cond" truecount="2" falsecount="0"/>
      <line num="11" count="14" type="cond" truecount="2" falsecount="0"/>
      <line num="12" count="3" type="stmt"/>
      <line num="14" count="11" type="stmt"/>
      <line num="18" count="6" type="stmt"/>
      <line num="19" count="10" type="stmt"/>
      <line num="20" count="39" type="cond" truecount="2" falsecount="0"/>
      <line num="21" count="10" type="cond" truecount="2" falsecount="0"/>
      <line num="22" count="7" type="stmt"/>
      <line num="26" count="6" type="stmt"/>
      <line num="27" count="33" type="cond" truecount="2" falsecount="0"/>
      <line num="28" count="19" type="cond" truecount="3" falsecount="1"/>
      <line num="29" count="15" type="stmt"/>
      <line num="32" count="6" type="stmt"/>
      <line num="35" count="1" type="stmt"/>
      <line num="36" count="6" type="stmt"/>
      <line num="37" count="6" type="stmt"/>
      <line num="38" count="6" type="stmt"/>
      <line num="39" count="21" type="stmt"/>
      <line num="40" count="21" type="stmt"/>
      <line num="42" count="6" type="stmt"/>
      <line num="43" count="6" type="stmt"/>
      <line num="51" count="1" type="stmt"/>
      <line num="52" count="2" type="stmt"/>
      <line num="53" count="2" type="stmt"/>
      <line num="58" count="2" type="cond" truecount="2" falsecount="3"/>
      <line num="61" count="1" type="stmt"/>
      <line num="62" count="1" type="stmt"/>
      <line num="65" count="1" type="stmt"/>
      <line num="66" count="1" type="stmt"/>
      <line num="68" count="0" type="stmt"/>
      <line num="70" count="2" type="cond" truecount="1" falsecount="4"/>
      <line num="73" count="2" type="stmt"/>
      <line num="74" count="2" type="stmt"/>
      <line num="77" count="0" type="stmt"/>
      <line num="78" count="0" type="stmt"/>
      <line num="80" count="0" type="stmt"/>
      <line num="82" count="2" type="stmt"/>
    </file>
  </project>
</coverage>
