{"/home/pavel/frontend-project-lvl2/src/calcdiff.js": {"path":"/home/pavel/frontend-project-lvl2/src/calcdiff.js","statementMap":{"0":{"start":{"line":3,"column":15},"end":{"line":3,"column":19}},"1":{"start":{"line":5,"column":23},"end":{"line":33,"column":1}},"2":{"start":{"line":6,"column":17},"end":{"line":6,"column":19}},"3":{"start":{"line":8,"column":2},"end":{"line":16,"column":5}},"4":{"start":{"line":9,"column":25},"end":{"line":9,"column":29}},"5":{"start":{"line":10,"column":18},"end":{"line":10,"column":87}},"6":{"start":{"line":10,"column":41},"end":{"line":10,"column":79}},"7":{"start":{"line":11,"column":4},"end":{"line":15,"column":5}},"8":{"start":{"line":12,"column":6},"end":{"line":12,"column":47}},"9":{"start":{"line":14,"column":6},"end":{"line":14,"column":47}},"10":{"start":{"line":18,"column":2},"end":{"line":24,"column":5}},"11":{"start":{"line":19,"column":25},"end":{"line":19,"column":29}},"12":{"start":{"line":20,"column":18},"end":{"line":20,"column":87}},"13":{"start":{"line":20,"column":41},"end":{"line":20,"column":79}},"14":{"start":{"line":21,"column":4},"end":{"line":23,"column":5}},"15":{"start":{"line":22,"column":6},"end":{"line":22,"column":47}},"16":{"start":{"line":26,"column":2},"end":{"line":30,"column":5}},"17":{"start":{"line":27,"column":4},"end":{"line":27,"column":33}},"18":{"start":{"line":27,"column":23},"end":{"line":27,"column":33}},"19":{"start":{"line":28,"column":4},"end":{"line":28,"column":61}},"20":{"start":{"line":28,"column":25},"end":{"line":28,"column":61}},"21":{"start":{"line":29,"column":4},"end":{"line":29,"column":13}},"22":{"start":{"line":32,"column":2},"end":{"line":32,"column":16}},"23":{"start":{"line":35,"column":20},"end":{"line":44,"column":1}},"24":{"start":{"line":36,"column":19},"end":{"line":36,"column":21}},"25":{"start":{"line":37,"column":2},"end":{"line":37,"column":21}},"26":{"start":{"line":38,"column":2},"end":{"line":41,"column":15}},"27":{"start":{"line":39,"column":4},"end":{"line":39,"column":67}},"28":{"start":{"line":40,"column":4},"end":{"line":40,"column":15}},"29":{"start":{"line":42,"column":2},"end":{"line":42,"column":21}},"30":{"start":{"line":43,"column":2},"end":{"line":43,"column":29}},"31":{"start":{"line":51,"column":16},"end":{"line":83,"column":1}},"32":{"start":{"line":52,"column":15},"end":{"line":52,"column":82}},"33":{"start":{"line":53,"column":15},"end":{"line":53,"column":82}},"34":{"start":{"line":58,"column":2},"end":{"line":69,"column":3}},"35":{"start":{"line":61,"column":6},"end":{"line":61,"column":46}},"36":{"start":{"line":62,"column":6},"end":{"line":62,"column":12}},"37":{"start":{"line":65,"column":6},"end":{"line":65,"column":45}},"38":{"start":{"line":66,"column":6},"end":{"line":66,"column":12}},"39":{"start":{"line":68,"column":6},"end":{"line":68,"column":12}},"40":{"start":{"line":70,"column":2},"end":{"line":81,"column":3}},"41":{"start":{"line":73,"column":6},"end":{"line":73,"column":46}},"42":{"start":{"line":74,"column":6},"end":{"line":74,"column":12}},"43":{"start":{"line":77,"column":6},"end":{"line":77,"column":45}},"44":{"start":{"line":78,"column":6},"end":{"line":78,"column":12}},"45":{"start":{"line":80,"column":6},"end":{"line":80,"column":12}},"46":{"start":{"line":82,"column":2},"end":{"line":82,"column":49}}},"fnMap":{"0":{"name":"(anonymous_0)","decl":{"start":{"line":5,"column":23},"end":{"line":5,"column":24}},"loc":{"start":{"line":5,"column":39},"end":{"line":33,"column":1}},"line":5},"1":{"name":"(anonymous_1)","decl":{"start":{"line":8,"column":11},"end":{"line":8,"column":12}},"loc":{"start":{"line":8,"column":21},"end":{"line":16,"column":3}},"line":8},"2":{"name":"(anonymous_2)","decl":{"start":{"line":10,"column":30},"end":{"line":10,"column":31}},"loc":{"start":{"line":10,"column":41},"end":{"line":10,"column":79}},"line":10},"3":{"name":"(anonymous_3)","decl":{"start":{"line":18,"column":11},"end":{"line":18,"column":12}},"loc":{"start":{"line":18,"column":21},"end":{"line":24,"column":3}},"line":18},"4":{"name":"(anonymous_4)","decl":{"start":{"line":20,"column":30},"end":{"line":20,"column":31}},"loc":{"start":{"line":20,"column":41},"end":{"line":20,"column":79}},"line":20},"5":{"name":"(anonymous_5)","decl":{"start":{"line":26,"column":14},"end":{"line":26,"column":15}},"loc":{"start":{"line":26,"column":24},"end":{"line":30,"column":3}},"line":26},"6":{"name":"(anonymous_6)","decl":{"start":{"line":35,"column":20},"end":{"line":35,"column":21}},"loc":{"start":{"line":35,"column":32},"end":{"line":44,"column":1}},"line":35},"7":{"name":"(anonymous_7)","decl":{"start":{"line":38,"column":16},"end":{"line":38,"column":17}},"loc":{"start":{"line":38,"column":31},"end":{"line":41,"column":3}},"line":38},"8":{"name":"(anonymous_8)","decl":{"start":{"line":51,"column":16},"end":{"line":51,"column":17}},"loc":{"start":{"line":51,"column":34},"end":{"line":83,"column":1}},"line":51}},"branchMap":{"0":{"loc":{"start":{"line":10,"column":41},"end":{"line":10,"column":79}},"type":"binary-expr","locations":[{"start":{"line":10,"column":41},"end":{"line":10,"column":57}},{"start":{"line":10,"column":61},"end":{"line":10,"column":79}}],"line":10},"1":{"loc":{"start":{"line":11,"column":4},"end":{"line":15,"column":5}},"type":"if","locations":[{"start":{"line":11,"column":4},"end":{"line":15,"column":5}},{"start":{"line":13,"column":11},"end":{"line":15,"column":5}}],"line":11},"2":{"loc":{"start":{"line":20,"column":41},"end":{"line":20,"column":79}},"type":"binary-expr","locations":[{"start":{"line":20,"column":41},"end":{"line":20,"column":57}},{"start":{"line":20,"column":61},"end":{"line":20,"column":79}}],"line":20},"3":{"loc":{"start":{"line":21,"column":4},"end":{"line":23,"column":5}},"type":"if","locations":[{"start":{"line":21,"column":4},"end":{"line":23,"column":5}},{"start":{},"end":{}}],"line":21},"4":{"loc":{"start":{"line":27,"column":4},"end":{"line":27,"column":33}},"type":"if","locations":[{"start":{"line":27,"column":4},"end":{"line":27,"column":33}},{"start":{},"end":{}}],"line":27},"5":{"loc":{"start":{"line":28,"column":4},"end":{"line":28,"column":61}},"type":"if","locations":[{"start":{"line":28,"column":4},"end":{"line":28,"column":61}},{"start":{},"end":{}}],"line":28},"6":{"loc":{"start":{"line":28,"column":32},"end":{"line":28,"column":60}},"type":"cond-expr","locations":[{"start":{"line":28,"column":54},"end":{"line":28,"column":56}},{"start":{"line":28,"column":59},"end":{"line":28,"column":60}}],"line":28},"7":{"loc":{"start":{"line":58,"column":2},"end":{"line":69,"column":3}},"type":"switch","locations":[{"start":{"line":59,"column":4},"end":{"line":59,"column":16}},{"start":{"line":60,"column":4},"end":{"line":62,"column":12}},{"start":{"line":63,"column":4},"end":{"line":63,"column":16}},{"start":{"line":64,"column":4},"end":{"line":66,"column":12}},{"start":{"line":67,"column":4},"end":{"line":68,"column":12}}],"line":58},"8":{"loc":{"start":{"line":70,"column":2},"end":{"line":81,"column":3}},"type":"switch","locations":[{"start":{"line":71,"column":4},"end":{"line":71,"column":16}},{"start":{"line":72,"column":4},"end":{"line":74,"column":12}},{"start":{"line":75,"column":4},"end":{"line":75,"column":16}},{"start":{"line":76,"column":4},"end":{"line":78,"column":12}},{"start":{"line":79,"column":4},"end":{"line":80,"column":12}}],"line":70}},"s":{"0":1,"1":1,"2":6,"3":6,"4":14,"5":14,"6":39,"7":14,"8":3,"9":11,"10":6,"11":10,"12":10,"13":39,"14":10,"15":7,"16":6,"17":33,"18":14,"19":19,"20":4,"21":15,"22":6,"23":1,"24":6,"25":6,"26":6,"27":21,"28":21,"29":6,"30":6,"31":1,"32":2,"33":2,"34":2,"35":1,"36":1,"37":1,"38":1,"39":0,"40":2,"41":2,"42":2,"43":0,"44":0,"45":0,"46":2},"f":{"0":6,"1":14,"2":39,"3":10,"4":39,"5":33,"6":6,"7":21,"8":2},"b":{"0":[39,7],"1":[3,11],"2":[39,7],"3":[7,3],"4":[14,19],"5":[4,15],"6":[0,4],"7":[0,1,0,1,0],"8":[0,2,0,0,0]},"_coverageSchema":"1a1c01bbd47fc00a2c39e90264f33305004495a9","hash":"92e8206d0ebd597f8f1191fb40b46c67a04c22cb"}
}
