TN:
SF:src/calcdiff.js
FN:5,(anonymous_0)
FN:8,(anonymous_1)
FN:10,(anonymous_2)
FN:18,(anonymous_3)
FN:20,(anonymous_4)
FN:26,(anonymous_5)
FN:35,(anonymous_6)
FN:38,(anonymous_7)
FN:51,(anonymous_8)
FNF:9
FNH:9
FNDA:6,(anonymous_0)
FNDA:14,(anonymous_1)
FNDA:39,(anonymous_2)
FNDA:10,(anonymous_3)
FNDA:39,(anonymous_4)
FNDA:33,(anonymous_5)
FNDA:6,(anonymous_6)
FNDA:21,(anonymous_7)
FNDA:2,(anonymous_8)
DA:3,1
DA:5,1
DA:6,6
DA:8,6
DA:9,14
DA:10,39
DA:11,14
DA:12,3
DA:14,11
DA:18,6
DA:19,10
DA:20,39
DA:21,10
DA:22,7
DA:26,6
DA:27,33
DA:28,19
DA:29,15
DA:32,6
DA:35,1
DA:36,6
DA:37,6
DA:38,6
DA:39,21
DA:40,21
DA:42,6
DA:43,6
DA:51,1
DA:52,2
DA:53,2
DA:58,2
DA:61,1
DA:62,1
DA:65,1
DA:66,1
DA:68,0
DA:70,2
DA:73,2
DA:74,2
DA:77,0
DA:78,0
DA:80,0
DA:82,2
LF:43
LH:39
BRDA:10,0,0,39
BRDA:10,0,1,7
BRDA:11,1,0,3
BRDA:11,1,1,11
BRDA:20,2,0,39
BRDA:20,2,1,7
BRDA:21,3,0,7
BRDA:21,3,1,3
BRDA:27,4,0,14
BRDA:27,4,1,19
BRDA:28,5,0,4
BRDA:28,5,1,15
BRDA:28,6,0,0
BRDA:28,6,1,4
BRDA:58,7,0,0
BRDA:58,7,1,1
BRDA:58,7,2,0
BRDA:58,7,3,1
BRDA:58,7,4,0
BRDA:70,8,0,0
BRDA:70,8,1,2
BRDA:70,8,2,0
BRDA:70,8,3,0
BRDA:70,8,4,0
BRF:24
BRH:16
end_of_record
